<?xml version="1.0" encoding="UTF-8"?>
<!-- Generated by org.testng.reporters.JUnitXMLReporter -->
<testsuite hostname="nikonowiczm" ignored="0" name="Mujobs Test Cases" tests="11" failures="0" timestamp="27 maj 2020 07:52:04 GMT" time="138.227" errors="0">
  <testcase name="verifyPageLogoTest" time="0.073" classname="pl.com.mikronika.mujobs.testcases.LoginPageTest"/>
  <testcase name="verifyHomePageTitleTest" time="0.007" classname="pl.com.mikronika.mujobs.testcases.HomePageTest"/>
  <testcase name="verifyPageHeaderTest" time="2.027" classname="pl.com.mikronika.mujobs.testcases.UrzadzeniaPageTest"/>
  <testcase name="verifyMainHeaderTest" time="0.034" classname="pl.com.mikronika.mujobs.testcases.LoginPageTest"/>
  <testcase name="verifyProjectLogoTest" time="0.065" classname="pl.com.mikronika.mujobs.testcases.HomePageTest"/>
  <testcase name="clickSearchBtnAllTest" time="8.837" classname="pl.com.mikronika.mujobs.testcases.UrzadzeniaPageTest"/>
  <testcase name="loginTest" time="8.7" classname="pl.com.mikronika.mujobs.testcases.LoginPageTest"/>
  <testcase name="verifyMainTableMenuExistanceTest" time="0.077" classname="pl.com.mikronika.mujobs.testcases.HomePageTest"/>
  <testcase name="clickSearchBtnWithTextTest" time="4.975" classname="pl.com.mikronika.mujobs.testcases.UrzadzeniaPageTest"/>
  <testcase name="clickProdukcjaUrzadzeniaMenuLinkTest" time="0.236" classname="pl.com.mikronika.mujobs.testcases.HomePageTest"/>
  <testcase name="clickAddNewBtnTest" time="3.428" classname="pl.com.mikronika.mujobs.testcases.UrzadzeniaPageTest"/>
</testsuite> <!-- Mujobs Test Cases -->
